<?xml version="1.0" encoding="UTF-8"?>
<!-- Generated by org.testng.reporters.JUnitXMLReporter -->
<testsuite hostname="DESKTOP-97EHBLM" ignored="0" name="Test" tests="2" failures="0" timestamp="10 May 2019 18:29:42 GMT" time="61.228" errors="0">
  <testcase name="@BeforeMethod beforeMethod" time="16.936" classname="com.selbot.testng.api.base.Annotations">
    <failure type="java.lang.RuntimeException">
      <![CDATA[java.lang.RuntimeException
at com.selbot.selenium.api.base.SeleniumBase.startApp(SeleniumBase.java:292)
at com.selbot.testng.api.base.Annotations.beforeMethod(Annotations.java:23)
... Removed 28 stack frames]]>
    </failure>
  </testcase> <!-- @BeforeMethod beforeMethod -->
  <testcase name="@AfterMethod afterMethod" time="0.0" classname="com.selbot.testng.api.base.Annotations">
    <skipped/>
  </testcase> <!-- @AfterMethod afterMethod -->
  <testcase name="createLead" time="24.411" classname="com.selbot.testcases.TC001_CreateLead"/>
  <testcase name="createLead" time="0.0" classname="com.selbot.testcases.TC001_CreateLead">
    <skipped/>
  </testcase> <!-- createLead -->
</testsuite> <!-- Test -->
